ARmode/build/outputs/logs/manifest-merger-debug-report.txt
-- Merging decision tree log ---
manifest
ADDED from src/main/AndroidManifest.xml:2:1-15:12
INJECTED from src/main/AndroidManifest.xml:2:1-15:12
INJECTED from src/main/AndroidManifest.xml:2:1-15:12
INJECTED from src/main/AndroidManifest.xml:2:1-15:12
INJECTED from src/main/AndroidManifest.xml:2:1-15:12
INJECTED from src/main/AndroidManifest.xml:2:1-15:12
INJECTED from src/main/AndroidManifest.xml:2:1-15:12
	package
		ADDED from src/main/AndroidManifest.xml:2:70-101
		INJECTED from src/main/AndroidManifest.xml
		INJECTED from src/main/AndroidManifest.xml
	android:versionName
		INJECTED from src/main/AndroidManifest.xml
		ADDED from src/main/AndroidManifest.xml:2:1-15:12
		INJECTED from src/main/AndroidManifest.xml
	xmlns:tools
		ADDED from src/main/AndroidManifest.xml:2:102-148
	android:versionCode
		INJECTED from src/main/AndroidManifest.xml
		ADDED from src/main/AndroidManifest.xml:2:1-15:12
		INJECTED from src/main/AndroidManifest.xml
	xmlns:android
		ADDED from src/main/AndroidManifest.xml:2:11-69
	android:installLocation
		ADDED from src/main/AndroidManifest.xml:2:149-189
supports-screens
ADDED from src/main/AndroidManifest.xml:3:3-163
	android:largeScreens
		ADDED from src/main/AndroidManifest.xml:3:78-105
	android:smallScreens
		ADDED from src/main/AndroidManifest.xml:3:21-48
	android:normalScreens
		ADDED from src/main/AndroidManifest.xml:3:49-77
	android:xlargeScreens
		ADDED from src/main/AndroidManifest.xml:3:106-134
	android:anyDensity
		ADDED from src/main/AndroidManifest.xml:3:135-160
application
ADDED from src/main/AndroidManifest.xml:4:3-5:17
uses-feature#0x00020000
ADDED from src/main/AndroidManifest.xml:6:3-52
	android:glEsVersion
		ADDED from src/main/AndroidManifest.xml:6:17-49
uses-permission#android.permission.INTERNET
ADDED from src/main/AndroidManifest.xml:7:3-65
	android:name
		ADDED from src/main/AndroidManifest.xml:7:20-62
uses-permission#android.permission.CAMERA
ADDED from src/main/AndroidManifest.xml:8:3-63
	android:name
		ADDED from src/main/AndroidManifest.xml:8:20-60
uses-feature#android.hardware.camera
ADDED from src/main/AndroidManifest.xml:9:3-83
	android:required
		ADDED from src/main/AndroidManifest.xml:9:56-80
	android:name
		ADDED from src/main/AndroidManifest.xml:9:17-55
uses-feature#android.hardware.camera.autofocus
ADDED from src/main/AndroidManifest.xml:10:3-93
	android:required
		ADDED from src/main/AndroidManifest.xml:10:66-90
	android:name
		ADDED from src/main/AndroidManifest.xml:10:17-65
uses-feature#android.hardware.camera.front
ADDED from src/main/AndroidManifest.xml:11:3-89
	android:required
		ADDED from src/main/AndroidManifest.xml:11:62-86
	android:name
		ADDED from src/main/AndroidManifest.xml:11:17-61
uses-feature#android.hardware.touchscreen
ADDED from src/main/AndroidManifest.xml:12:3-88
	android:required
		ADDED from src/main/AndroidManifest.xml:12:61-85
	android:name
		ADDED from src/main/AndroidManifest.xml:12:17-60
uses-feature#android.hardware.touchscreen.multitouch
ADDED from src/main/AndroidManifest.xml:13:3-99
	android:required
		ADDED from src/main/AndroidManifest.xml:13:72-96
	android:name
		ADDED from src/main/AndroidManifest.xml:13:17-71
uses-feature#android.hardware.touchscreen.multitouch.distinct
ADDED from src/main/AndroidManifest.xml:14:3-108
	android:required
		ADDED from src/main/AndroidManifest.xml:14:81-105
	android:name
		ADDED from src/main/AndroidManifest.xml:14:17-80
uses-sdk
INJECTED from src/main/AndroidManifest.xml reason: use-sdk injection requested
INJECTED from src/main/AndroidManifest.xml
INJECTED from src/main/AndroidManifest.xml
INJECTED from src/main/AndroidManifest.xml
INJECTED from src/main/AndroidManifest.xml
	android:targetSdkVersion
		INJECTED from src/main/AndroidManifest.xml
		ADDED from src/main/AndroidManifest.xml
		INJECTED from src/main/AndroidManifest.xml
	android:minSdkVersion
		INJECTED from src/main/AndroidManifest.xml
		ADDED from src/main/AndroidManifest.xml
		INJECTED from src/main/AndroidManifest.xml